0 info it worked if it ends with ok
1 verbose cli [ '/usr/local/Cellar/node@6/6.9.4/bin/node',
1 verbose cli   '/usr/local/bin/npm',
1 verbose cli   'install',
1 verbose cli   '--save',
1 verbose cli   'jwt' ]
2 info using npm@3.10.10
3 info using node@v6.9.4
4 silly loadCurrentTree Starting
5 silly install loadCurrentTree
6 silly install readLocalPackageData
7 silly fetchPackageMetaData jwt
8 silly fetchNamedPackageData jwt
9 silly mapToRegistry name jwt
10 silly mapToRegistry using default registry
11 silly mapToRegistry registry https://registry.npmjs.org/
12 silly mapToRegistry data Result {
12 silly mapToRegistry   raw: 'jwt',
12 silly mapToRegistry   scope: null,
12 silly mapToRegistry   escapedName: 'jwt',
12 silly mapToRegistry   name: 'jwt',
12 silly mapToRegistry   rawSpec: '',
12 silly mapToRegistry   spec: 'latest',
12 silly mapToRegistry   type: 'tag' }
13 silly mapToRegistry uri https://registry.npmjs.org/jwt
14 verbose request uri https://registry.npmjs.org/jwt
15 verbose request no auth needed
16 info attempt registry request try #1 at 7:18:24 PM
17 verbose request id 7587eee550aeca5e
18 verbose etag W/"5852381a-1435"
19 verbose lastModified Thu, 15 Dec 2016 06:28:42 GMT
20 http request GET https://registry.npmjs.org/jwt
21 http 304 https://registry.npmjs.org/jwt
22 verbose headers { date: 'Wed, 22 Mar 2017 00:18:28 GMT',
22 verbose headers   via: '1.1 varnish',
22 verbose headers   'cache-control': 'max-age=300',
22 verbose headers   etag: 'W/"5852381a-1435"',
22 verbose headers   age: '80',
22 verbose headers   connection: 'keep-alive',
22 verbose headers   'x-served-by': 'cache-gru7122-GRU',
22 verbose headers   'x-cache': 'HIT',
22 verbose headers   'x-cache-hits': '5',
22 verbose headers   'x-timer': 'S1490141908.912407,VS0,VE0',
22 verbose headers   vary: 'Accept-Encoding' }
23 silly get cb [ 304,
23 silly get   { date: 'Wed, 22 Mar 2017 00:18:28 GMT',
23 silly get     via: '1.1 varnish',
23 silly get     'cache-control': 'max-age=300',
23 silly get     etag: 'W/"5852381a-1435"',
23 silly get     age: '80',
23 silly get     connection: 'keep-alive',
23 silly get     'x-served-by': 'cache-gru7122-GRU',
23 silly get     'x-cache': 'HIT',
23 silly get     'x-cache-hits': '5',
23 silly get     'x-timer': 'S1490141908.912407,VS0,VE0',
23 silly get     vary: 'Accept-Encoding' } ]
24 verbose etag https://registry.npmjs.org/jwt from cache
25 verbose get saving jwt to /Volumes/Extended/Users/akira/.npm/registry.npmjs.org/jwt/.cache.json
26 verbose correctMkdir /Volumes/Extended/Users/akira/.npm correctMkdir not in flight; initializing
27 silly install normalizeTree
28 silly loadCurrentTree Finishing
29 silly loadIdealTree Starting
30 silly install loadIdealTree
31 silly cloneCurrentTree Starting
32 silly install cloneCurrentTreeToIdealTree
33 silly cloneCurrentTree Finishing
34 silly loadShrinkwrap Starting
35 silly install loadShrinkwrap
36 silly loadShrinkwrap Finishing
37 silly loadAllDepsIntoIdealTree Starting
38 silly install loadAllDepsIntoIdealTree
39 silly resolveWithNewModule jwt@0.2.0 checking installable status
40 silly cache add args [ 'jwt', null ]
41 verbose cache add spec jwt
42 silly cache add parsed spec Result {
42 silly cache add   raw: 'jwt',
42 silly cache add   scope: null,
42 silly cache add   escapedName: 'jwt',
42 silly cache add   name: 'jwt',
42 silly cache add   rawSpec: '',
42 silly cache add   spec: 'latest',
42 silly cache add   type: 'tag' }
43 silly addNamed jwt@latest
44 verbose addNamed "latest" is being treated as a dist-tag for jwt
45 info addNameTag [ 'jwt', 'latest' ]
46 silly mapToRegistry name jwt
47 silly mapToRegistry using default registry
48 silly mapToRegistry registry https://registry.npmjs.org/
49 silly mapToRegistry data Result {
49 silly mapToRegistry   raw: 'jwt',
49 silly mapToRegistry   scope: null,
49 silly mapToRegistry   escapedName: 'jwt',
49 silly mapToRegistry   name: 'jwt',
49 silly mapToRegistry   rawSpec: '',
49 silly mapToRegistry   spec: 'latest',
49 silly mapToRegistry   type: 'tag' }
50 silly mapToRegistry uri https://registry.npmjs.org/jwt
51 verbose addNameTag registry:https://registry.npmjs.org/jwt not in flight; fetching
52 verbose get https://registry.npmjs.org/jwt not expired, no request
53 silly addNameTag next cb for jwt with tag latest
54 silly addNamed jwt@0.2.0
55 verbose addNamed "0.2.0" is a plain semver version for jwt
56 silly cache afterAdd jwt@0.2.0
57 verbose afterAdd /Volumes/Extended/Users/akira/.npm/jwt/0.2.0/package/package.json not in flight; writing
58 verbose correctMkdir /Volumes/Extended/Users/akira/.npm correctMkdir not in flight; initializing
59 verbose afterAdd /Volumes/Extended/Users/akira/.npm/jwt/0.2.0/package/package.json written
60 silly fetchNamedPackageData node-base64
61 silly mapToRegistry name node-base64
62 silly mapToRegistry using default registry
63 silly mapToRegistry registry https://registry.npmjs.org/
64 silly mapToRegistry data Result {
64 silly mapToRegistry   raw: 'node-base64',
64 silly mapToRegistry   scope: null,
64 silly mapToRegistry   escapedName: 'node-base64',
64 silly mapToRegistry   name: 'node-base64',
64 silly mapToRegistry   rawSpec: '',
64 silly mapToRegistry   spec: 'latest',
64 silly mapToRegistry   type: 'tag' }
65 silly mapToRegistry uri https://registry.npmjs.org/node-base64
66 verbose request uri https://registry.npmjs.org/node-base64
67 verbose request no auth needed
68 info attempt registry request try #1 at 7:18:29 PM
69 verbose etag W/"4da8b857-40a"
70 verbose lastModified Fri, 15 Apr 2011 21:27:51 GMT
71 http request GET https://registry.npmjs.org/node-base64
72 http 304 https://registry.npmjs.org/node-base64
73 verbose headers { date: 'Wed, 22 Mar 2017 00:18:30 GMT',
73 verbose headers   via: '1.1 varnish',
73 verbose headers   'cache-control': 'max-age=300',
73 verbose headers   etag: 'W/"4da8b857-40a"',
73 verbose headers   age: '78',
73 verbose headers   connection: 'keep-alive',
73 verbose headers   'x-served-by': 'cache-gru7122-GRU',
73 verbose headers   'x-cache': 'HIT',
73 verbose headers   'x-cache-hits': '2',
73 verbose headers   'x-timer': 'S1490141910.911731,VS0,VE0',
73 verbose headers   vary: 'Accept-Encoding' }
74 silly get cb [ 304,
74 silly get   { date: 'Wed, 22 Mar 2017 00:18:30 GMT',
74 silly get     via: '1.1 varnish',
74 silly get     'cache-control': 'max-age=300',
74 silly get     etag: 'W/"4da8b857-40a"',
74 silly get     age: '78',
74 silly get     connection: 'keep-alive',
74 silly get     'x-served-by': 'cache-gru7122-GRU',
74 silly get     'x-cache': 'HIT',
74 silly get     'x-cache-hits': '2',
74 silly get     'x-timer': 'S1490141910.911731,VS0,VE0',
74 silly get     vary: 'Accept-Encoding' } ]
75 verbose etag https://registry.npmjs.org/node-base64 from cache
76 verbose get saving node-base64 to /Volumes/Extended/Users/akira/.npm/registry.npmjs.org/node-base64/.cache.json
77 verbose correctMkdir /Volumes/Extended/Users/akira/.npm correctMkdir not in flight; initializing
78 silly resolveWithNewModule node-base64@0.0.1 checking installable status
79 silly cache add args [ 'node-base64@0.0.1', null ]
80 verbose cache add spec node-base64@0.0.1
81 silly cache add parsed spec Result {
81 silly cache add   raw: 'node-base64@0.0.1',
81 silly cache add   scope: null,
81 silly cache add   escapedName: 'node-base64',
81 silly cache add   name: 'node-base64',
81 silly cache add   rawSpec: '0.0.1',
81 silly cache add   spec: '0.0.1',
81 silly cache add   type: 'version' }
82 silly addNamed node-base64@0.0.1
83 verbose addNamed "0.0.1" is a plain semver version for node-base64
84 silly mapToRegistry name node-base64
85 silly mapToRegistry using default registry
86 silly mapToRegistry registry https://registry.npmjs.org/
87 silly mapToRegistry data Result {
87 silly mapToRegistry   raw: 'node-base64',
87 silly mapToRegistry   scope: null,
87 silly mapToRegistry   escapedName: 'node-base64',
87 silly mapToRegistry   name: 'node-base64',
87 silly mapToRegistry   rawSpec: '',
87 silly mapToRegistry   spec: 'latest',
87 silly mapToRegistry   type: 'tag' }
88 silly mapToRegistry uri https://registry.npmjs.org/node-base64
89 verbose addNameVersion registry:https://registry.npmjs.org/node-base64 not in flight; fetching
90 verbose get https://registry.npmjs.org/node-base64 not expired, no request
91 silly cache afterAdd node-base64@0.0.1
92 verbose afterAdd /Volumes/Extended/Users/akira/.npm/node-base64/0.0.1/package/package.json not in flight; writing
93 verbose correctMkdir /Volumes/Extended/Users/akira/.npm correctMkdir not in flight; initializing
94 verbose afterAdd /Volumes/Extended/Users/akira/.npm/node-base64/0.0.1/package/package.json written
95 silly loadAllDepsIntoIdealTree Finishing
96 silly loadIdealTree Finishing
97 silly currentTree node1@0.0.0
97 silly currentTree ├── accepts@1.2.13
97 silly currentTree ├── acorn-globals@1.0.9
97 silly currentTree ├── acorn@2.7.0
97 silly currentTree ├── align-text@0.1.4
97 silly currentTree ├── amdefine@1.0.1
97 silly currentTree ├── array-flatten@1.1.1
97 silly currentTree ├── asap@1.0.0
97 silly currentTree ├── async@2.1.4
97 silly currentTree ├── base64url@2.0.0
97 silly currentTree ├── basic-auth@1.0.4
97 silly currentTree ├── bluebird@2.10.2
97 silly currentTree ├── body-parser@1.15.2
97 silly currentTree ├── bson@1.0.4
97 silly currentTree ├── buffer-equal-constant-time@1.0.1
97 silly currentTree ├── buffer-shims@1.0.0
97 silly currentTree ├── bytes@2.4.0
97 silly currentTree ├── camelcase@1.2.1
97 silly currentTree ├── center-align@0.1.3
97 silly currentTree ├── character-parser@1.2.1
97 silly currentTree ├─┬ clean-css@3.4.25
97 silly currentTree │ └── commander@2.8.1
97 silly currentTree ├─┬ cliui@2.1.0
97 silly currentTree │ └── wordwrap@0.0.2
97 silly currentTree ├── commander@2.6.0
97 silly currentTree ├── constantinople@3.0.2
97 silly currentTree ├── content-disposition@0.5.1
97 silly currentTree ├── content-type@1.0.2
97 silly currentTree ├── cookie-parser@1.4.3
97 silly currentTree ├── cookie-signature@1.0.6
97 silly currentTree ├── cookie@0.3.1
97 silly currentTree ├── core-util-is@1.0.2
97 silly currentTree ├── cors@2.8.1
97 silly currentTree ├── css-parse@1.0.4
97 silly currentTree ├── css-stringify@1.0.5
97 silly currentTree ├── css@1.0.8
97 silly currentTree ├── debug@2.2.0
97 silly currentTree ├── decamelize@1.2.0
97 silly currentTree ├── depd@1.1.0
97 silly currentTree ├── destroy@1.0.4
97 silly currentTree ├── dotenv@4.0.0
97 silly currentTree ├── ecdsa-sig-formatter@1.0.9
97 silly currentTree ├── ee-first@1.1.1
97 silly currentTree ├── es6-promise@3.2.1
97 silly currentTree ├── escape-html@1.0.3
97 silly currentTree ├── etag@1.7.0
97 silly currentTree ├─┬ express@4.13.4
97 silly currentTree │ ├── cookie@0.1.5
97 silly currentTree │ └── qs@4.0.0
97 silly currentTree ├── finalhandler@0.4.1
97 silly currentTree ├── forwarded@0.1.0
97 silly currentTree ├── fresh@0.3.0
97 silly currentTree ├── graceful-readlink@1.0.1
97 silly currentTree ├── hoek@2.16.3
97 silly currentTree ├── hooks-fixed@2.0.0
97 silly currentTree ├── http-errors@1.5.1
97 silly currentTree ├── iconv-lite@0.4.13
97 silly currentTree ├── inherits@2.0.3
97 silly currentTree ├── ipaddr.js@1.0.5
97 silly currentTree ├── is-buffer@1.1.5
97 silly currentTree ├── is-promise@2.1.0
97 silly currentTree ├── isarray@1.0.0
97 silly currentTree ├── isemail@1.2.0
97 silly currentTree ├── jade@1.11.0
97 silly currentTree ├── joi@6.10.1
97 silly currentTree ├── jsonwebtoken@7.3.0
97 silly currentTree ├── jstransformer@0.0.2
97 silly currentTree ├── jwa@1.1.5
97 silly currentTree ├── jws@3.1.4
97 silly currentTree ├── kareem@1.2.1
97 silly currentTree ├── kind-of@3.1.0
97 silly currentTree ├── lazy-cache@1.0.4
97 silly currentTree ├── lodash.once@4.1.1
97 silly currentTree ├── lodash@4.17.4
97 silly currentTree ├── longest@1.0.1
97 silly currentTree ├── media-typer@0.3.0
97 silly currentTree ├── merge-descriptors@1.0.1
97 silly currentTree ├── methods@1.1.2
97 silly currentTree ├── mime-db@1.26.0
97 silly currentTree ├── mime-types@2.1.14
97 silly currentTree ├── mime@1.3.4
97 silly currentTree ├── minimist@0.0.8
97 silly currentTree ├── mkdirp@0.5.1
97 silly currentTree ├── moment@2.18.1
97 silly currentTree ├── mongodb-core@2.1.8
97 silly currentTree ├── mongodb@2.2.24
97 silly currentTree ├─┬ mongoose@4.9.0
97 silly currentTree │ └── ms@0.7.2
97 silly currentTree ├── morgan@1.7.0
97 silly currentTree ├── mpath@0.2.1
97 silly currentTree ├── mpromise@0.5.5
97 silly currentTree ├─┬ mquery@2.3.0
97 silly currentTree │ └── sliced@0.0.5
97 silly currentTree ├── ms@0.7.1
97 silly currentTree ├── muri@1.2.1
97 silly currentTree ├── negotiator@0.5.3
97 silly currentTree ├── on-finished@2.3.0
97 silly currentTree ├── on-headers@1.0.1
97 silly currentTree ├── optimist@0.3.7
97 silly currentTree ├── parseurl@1.3.1
97 silly currentTree ├── passport-jwt@2.2.1
97 silly currentTree ├── passport-strategy@1.0.0
97 silly currentTree ├── passport@0.3.2
97 silly currentTree ├── path-to-regexp@0.1.7
97 silly currentTree ├── pause@0.0.1
97 silly currentTree ├── process-nextick-args@1.0.7
97 silly currentTree ├── promise@6.1.0
97 silly currentTree ├── proxy-addr@1.0.10
97 silly currentTree ├── qs@6.2.0
97 silly currentTree ├── range-parser@1.0.3
97 silly currentTree ├── raw-body@2.1.7
97 silly currentTree ├── readable-stream@2.1.5
97 silly currentTree ├── regexp-clone@0.0.1
97 silly currentTree ├── repeat-string@1.6.1
97 silly currentTree ├── require_optional@1.0.0
97 silly currentTree ├── resolve-from@2.0.0
97 silly currentTree ├── right-align@0.1.3
97 silly currentTree ├── safe-buffer@5.0.1
97 silly currentTree ├── semver@5.3.0
97 silly currentTree ├─┬ send@0.13.1
97 silly currentTree │ ├── http-errors@1.3.1
97 silly currentTree │ └── statuses@1.2.1
97 silly currentTree ├─┬ serve-favicon@2.3.2
97 silly currentTree │ └── ms@0.7.2
97 silly currentTree ├─┬ serve-static@1.10.3
97 silly currentTree │ ├── http-errors@1.3.1
97 silly currentTree │ ├── send@0.13.2
97 silly currentTree │ └── statuses@1.2.1
97 silly currentTree ├── setprototypeof@1.0.2
97 silly currentTree ├── sliced@1.0.1
97 silly currentTree ├── source-map@0.4.4
97 silly currentTree ├── statuses@1.3.1
97 silly currentTree ├── string_decoder@0.10.31
97 silly currentTree ├── topo@1.1.0
97 silly currentTree ├─┬ transformers@2.1.0
97 silly currentTree │ ├── is-promise@1.0.1
97 silly currentTree │ ├── promise@2.0.0
97 silly currentTree │ ├── source-map@0.1.43
97 silly currentTree │ └── uglify-js@2.2.5
97 silly currentTree ├── type-is@1.6.14
97 silly currentTree ├─┬ uglify-js@2.8.13
97 silly currentTree │ └── source-map@0.5.6
97 silly currentTree ├── uglify-to-browserify@1.0.2
97 silly currentTree ├── unpipe@1.0.0
97 silly currentTree ├── util-deprecate@1.0.2
97 silly currentTree ├── utils-merge@1.0.0
97 silly currentTree ├── vary@1.0.1
97 silly currentTree ├── void-elements@2.0.1
97 silly currentTree ├── window-size@0.1.0
97 silly currentTree ├─┬ with@4.0.3
97 silly currentTree │ └── acorn@1.2.2
97 silly currentTree ├── wordwrap@0.0.3
97 silly currentTree ├── xtend@4.0.1
97 silly currentTree └── yargs@3.10.0
98 silly idealTree node1@0.0.0
98 silly idealTree ├── accepts@1.2.13
98 silly idealTree ├── acorn-globals@1.0.9
98 silly idealTree ├── acorn@2.7.0
98 silly idealTree ├── align-text@0.1.4
98 silly idealTree ├── amdefine@1.0.1
98 silly idealTree ├── array-flatten@1.1.1
98 silly idealTree ├── asap@1.0.0
98 silly idealTree ├── async@2.1.4
98 silly idealTree ├── base64url@2.0.0
98 silly idealTree ├── basic-auth@1.0.4
98 silly idealTree ├── bluebird@2.10.2
98 silly idealTree ├── body-parser@1.15.2
98 silly idealTree ├── bson@1.0.4
98 silly idealTree ├── buffer-equal-constant-time@1.0.1
98 silly idealTree ├── buffer-shims@1.0.0
98 silly idealTree ├── bytes@2.4.0
98 silly idealTree ├── camelcase@1.2.1
98 silly idealTree ├── center-align@0.1.3
98 silly idealTree ├── character-parser@1.2.1
98 silly idealTree ├─┬ clean-css@3.4.25
98 silly idealTree │ └── commander@2.8.1
98 silly idealTree ├─┬ cliui@2.1.0
98 silly idealTree │ └── wordwrap@0.0.2
98 silly idealTree ├── commander@2.6.0
98 silly idealTree ├── constantinople@3.0.2
98 silly idealTree ├── content-disposition@0.5.1
98 silly idealTree ├── content-type@1.0.2
98 silly idealTree ├── cookie-parser@1.4.3
98 silly idealTree ├── cookie-signature@1.0.6
98 silly idealTree ├── cookie@0.3.1
98 silly idealTree ├── core-util-is@1.0.2
98 silly idealTree ├── cors@2.8.1
98 silly idealTree ├── css-parse@1.0.4
98 silly idealTree ├── css-stringify@1.0.5
98 silly idealTree ├── css@1.0.8
98 silly idealTree ├── debug@2.2.0
98 silly idealTree ├── decamelize@1.2.0
98 silly idealTree ├── depd@1.1.0
98 silly idealTree ├── destroy@1.0.4
98 silly idealTree ├── dotenv@4.0.0
98 silly idealTree ├── ecdsa-sig-formatter@1.0.9
98 silly idealTree ├── ee-first@1.1.1
98 silly idealTree ├── es6-promise@3.2.1
98 silly idealTree ├── escape-html@1.0.3
98 silly idealTree ├── etag@1.7.0
98 silly idealTree ├─┬ express@4.13.4
98 silly idealTree │ ├── cookie@0.1.5
98 silly idealTree │ └── qs@4.0.0
98 silly idealTree ├── finalhandler@0.4.1
98 silly idealTree ├── forwarded@0.1.0
98 silly idealTree ├── fresh@0.3.0
98 silly idealTree ├── graceful-readlink@1.0.1
98 silly idealTree ├── hoek@2.16.3
98 silly idealTree ├── hooks-fixed@2.0.0
98 silly idealTree ├── http-errors@1.5.1
98 silly idealTree ├── iconv-lite@0.4.13
98 silly idealTree ├── inherits@2.0.3
98 silly idealTree ├── ipaddr.js@1.0.5
98 silly idealTree ├── is-buffer@1.1.5
98 silly idealTree ├── is-promise@2.1.0
98 silly idealTree ├── isarray@1.0.0
98 silly idealTree ├── isemail@1.2.0
98 silly idealTree ├── jade@1.11.0
98 silly idealTree ├── joi@6.10.1
98 silly idealTree ├── jsonwebtoken@7.3.0
98 silly idealTree ├── jstransformer@0.0.2
98 silly idealTree ├── jwa@1.1.5
98 silly idealTree ├── jws@3.1.4
98 silly idealTree ├── jwt@0.2.0
98 silly idealTree ├── kareem@1.2.1
98 silly idealTree ├── kind-of@3.1.0
98 silly idealTree ├── lazy-cache@1.0.4
98 silly idealTree ├── lodash.once@4.1.1
98 silly idealTree ├── lodash@4.17.4
98 silly idealTree ├── longest@1.0.1
98 silly idealTree ├── media-typer@0.3.0
98 silly idealTree ├── merge-descriptors@1.0.1
98 silly idealTree ├── methods@1.1.2
98 silly idealTree ├── mime-db@1.26.0
98 silly idealTree ├── mime-types@2.1.14
98 silly idealTree ├── mime@1.3.4
98 silly idealTree ├── minimist@0.0.8
98 silly idealTree ├── mkdirp@0.5.1
98 silly idealTree ├── moment@2.18.1
98 silly idealTree ├── mongodb-core@2.1.8
98 silly idealTree ├── mongodb@2.2.24
98 silly idealTree ├─┬ mongoose@4.9.0
98 silly idealTree │ └── ms@0.7.2
98 silly idealTree ├── morgan@1.7.0
98 silly idealTree ├── mpath@0.2.1
98 silly idealTree ├── mpromise@0.5.5
98 silly idealTree ├─┬ mquery@2.3.0
98 silly idealTree │ └── sliced@0.0.5
98 silly idealTree ├── ms@0.7.1
98 silly idealTree ├── muri@1.2.1
98 silly idealTree ├── negotiator@0.5.3
98 silly idealTree ├── node-base64@0.0.1
98 silly idealTree ├── on-finished@2.3.0
98 silly idealTree ├── on-headers@1.0.1
98 silly idealTree ├── optimist@0.3.7
98 silly idealTree ├── parseurl@1.3.1
98 silly idealTree ├── passport-jwt@2.2.1
98 silly idealTree ├── passport-strategy@1.0.0
98 silly idealTree ├── passport@0.3.2
98 silly idealTree ├── path-to-regexp@0.1.7
98 silly idealTree ├── pause@0.0.1
98 silly idealTree ├── process-nextick-args@1.0.7
98 silly idealTree ├── promise@6.1.0
98 silly idealTree ├── proxy-addr@1.0.10
98 silly idealTree ├── qs@6.2.0
98 silly idealTree ├── range-parser@1.0.3
98 silly idealTree ├── raw-body@2.1.7
98 silly idealTree ├── readable-stream@2.1.5
98 silly idealTree ├── regexp-clone@0.0.1
98 silly idealTree ├── repeat-string@1.6.1
98 silly idealTree ├── require_optional@1.0.0
98 silly idealTree ├── resolve-from@2.0.0
98 silly idealTree ├── right-align@0.1.3
98 silly idealTree ├── safe-buffer@5.0.1
98 silly idealTree ├── semver@5.3.0
98 silly idealTree ├─┬ send@0.13.1
98 silly idealTree │ ├── http-errors@1.3.1
98 silly idealTree │ └── statuses@1.2.1
98 silly idealTree ├─┬ serve-favicon@2.3.2
98 silly idealTree │ └── ms@0.7.2
98 silly idealTree ├─┬ serve-static@1.10.3
98 silly idealTree │ ├── http-errors@1.3.1
98 silly idealTree │ ├── send@0.13.2
98 silly idealTree │ └── statuses@1.2.1
98 silly idealTree ├── setprototypeof@1.0.2
98 silly idealTree ├── sliced@1.0.1
98 silly idealTree ├── source-map@0.4.4
98 silly idealTree ├── statuses@1.3.1
98 silly idealTree ├── string_decoder@0.10.31
98 silly idealTree ├── topo@1.1.0
98 silly idealTree ├─┬ transformers@2.1.0
98 silly idealTree │ ├── is-promise@1.0.1
98 silly idealTree │ ├── promise@2.0.0
98 silly idealTree │ ├── source-map@0.1.43
98 silly idealTree │ └── uglify-js@2.2.5
98 silly idealTree ├── type-is@1.6.14
98 silly idealTree ├─┬ uglify-js@2.8.13
98 silly idealTree │ └── source-map@0.5.6
98 silly idealTree ├── uglify-to-browserify@1.0.2
98 silly idealTree ├── unpipe@1.0.0
98 silly idealTree ├── util-deprecate@1.0.2
98 silly idealTree ├── utils-merge@1.0.0
98 silly idealTree ├── vary@1.0.1
98 silly idealTree ├── void-elements@2.0.1
98 silly idealTree ├── window-size@0.1.0
98 silly idealTree ├─┬ with@4.0.3
98 silly idealTree │ └── acorn@1.2.2
98 silly idealTree ├── wordwrap@0.0.3
98 silly idealTree ├── xtend@4.0.1
98 silly idealTree └── yargs@3.10.0
99 silly generateActionsToTake Starting
100 silly install generateActionsToTake
101 silly generateActionsToTake Finishing
102 silly diffTrees action count 2
103 silly diffTrees add node-base64@0.0.1
104 silly diffTrees add jwt@0.2.0
105 silly decomposeActions action count 16
106 silly decomposeActions fetch node-base64@0.0.1
107 silly decomposeActions extract node-base64@0.0.1
108 silly decomposeActions test node-base64@0.0.1
109 silly decomposeActions preinstall node-base64@0.0.1
110 silly decomposeActions build node-base64@0.0.1
111 silly decomposeActions install node-base64@0.0.1
112 silly decomposeActions postinstall node-base64@0.0.1
113 silly decomposeActions finalize node-base64@0.0.1
114 silly decomposeActions fetch jwt@0.2.0
115 silly decomposeActions extract jwt@0.2.0
116 silly decomposeActions test jwt@0.2.0
117 silly decomposeActions preinstall jwt@0.2.0
118 silly decomposeActions build jwt@0.2.0
119 silly decomposeActions install jwt@0.2.0
120 silly decomposeActions postinstall jwt@0.2.0
121 silly decomposeActions finalize jwt@0.2.0
122 silly runTopLevelLifecycles Starting
123 silly executeActions Starting
124 silly install executeActions
125 silly doSerial global-install 0
126 silly doParallel fetch 2
127 verbose correctMkdir /Volumes/Extended/Users/akira/.npm/_locks correctMkdir not in flight; initializing
128 verbose lock using /Volumes/Extended/Users/akira/.npm/_locks/staging-01dc58615d59e79f.lock for /Volumes/Extended/Users/akira/nodejs/node1/node_modules/.staging
129 silly doParallel extract 2
130 silly extract node-base64@0.0.1
131 silly extract jwt@0.2.0
132 verbose unbuild node_modules/.staging/node-base64-ed68f436
133 verbose unbuild node_modules/.staging/jwt-4459b688
134 silly gentlyRm /Volumes/Extended/Users/akira/nodejs/node1/node_modules/.staging/node-base64-ed68f436 is being purged from base /Volumes/Extended/Users/akira/nodejs/node1
135 verbose gentlyRm don't care about contents; nuking /Volumes/Extended/Users/akira/nodejs/node1/node_modules/.staging/node-base64-ed68f436
136 verbose tar unpack /Volumes/Extended/Users/akira/.npm/node-base64/0.0.1/package.tgz
137 verbose tar unpacking to /Volumes/Extended/Users/akira/nodejs/node1/node_modules/.staging/node-base64-ed68f436
138 silly gentlyRm /Volumes/Extended/Users/akira/nodejs/node1/node_modules/.staging/node-base64-ed68f436 is being purged
139 verbose gentlyRm don't care about contents; nuking /Volumes/Extended/Users/akira/nodejs/node1/node_modules/.staging/node-base64-ed68f436
140 silly gentlyRm /Volumes/Extended/Users/akira/nodejs/node1/node_modules/.staging/jwt-4459b688 is being purged from base /Volumes/Extended/Users/akira/nodejs/node1
141 verbose gentlyRm don't care about contents; nuking /Volumes/Extended/Users/akira/nodejs/node1/node_modules/.staging/jwt-4459b688
142 silly gunzTarPerm modes [ '755', '644' ]
143 verbose tar unpack /Volumes/Extended/Users/akira/.npm/jwt/0.2.0/package.tgz
144 verbose tar unpacking to /Volumes/Extended/Users/akira/nodejs/node1/node_modules/.staging/jwt-4459b688
145 silly gentlyRm /Volumes/Extended/Users/akira/nodejs/node1/node_modules/.staging/jwt-4459b688 is being purged
146 verbose gentlyRm don't care about contents; nuking /Volumes/Extended/Users/akira/nodejs/node1/node_modules/.staging/jwt-4459b688
147 silly gunzTarPerm modes [ '755', '644' ]
148 silly gunzTarPerm extractEntry
149 silly gunzTarPerm extractEntry .npmignore
150 silly gunzTarPerm extractEntry .gitignore
151 silly gunzTarPerm extractEntry base64.cc
152 silly gunzTarPerm extractEntry install.sh
153 silly gunzTarPerm extractEntry lib/
154 silly gunzTarPerm extractEntry lib/jwt.js
155 silly gunzTarPerm extractEntry js_base64_for_comparsion.js
156 silly gunzTarPerm extractEntry makefile
157 silly gunzTarPerm extractEntry package.json
158 silly gunzTarPerm extractEntry README.md
159 silly gunzTarPerm extractEntry package.json
160 silly gunzTarPerm extractEntry README.md
161 silly gunzTarPerm extractEntry test.js
162 silly gunzTarPerm extractEntry test.php
163 silly gunzTarPerm extractEntry wscript
164 silly gentlyRm /Volumes/Extended/Users/akira/nodejs/node1/node_modules/.staging/jwt-4459b688/node_modules is being purged
165 verbose gentlyRm don't care about contents; nuking /Volumes/Extended/Users/akira/nodejs/node1/node_modules/.staging/jwt-4459b688/node_modules
166 silly gentlyRm /Volumes/Extended/Users/akira/nodejs/node1/node_modules/.staging/node-base64-ed68f436/node_modules is being purged
167 verbose gentlyRm don't care about contents; nuking /Volumes/Extended/Users/akira/nodejs/node1/node_modules/.staging/node-base64-ed68f436/node_modules
168 silly doParallel preinstall 2
169 silly preinstall node-base64@0.0.1 /Volumes/Extended/Users/akira/nodejs/node1/node_modules/.staging/node-base64-ed68f436
170 info lifecycle node-base64@0.0.1~preinstall: node-base64@0.0.1
171 silly preinstall jwt@0.2.0 /Volumes/Extended/Users/akira/nodejs/node1/node_modules/.staging/jwt-4459b688
172 info lifecycle jwt@0.2.0~preinstall: jwt@0.2.0
173 silly lifecycle node-base64@0.0.1~preinstall: no script for preinstall, continuing
174 silly lifecycle jwt@0.2.0~preinstall: no script for preinstall, continuing
175 silly doReverseSerial remove 0
176 silly doSerial move 0
177 silly doSerial finalize 2
178 silly finalize /Volumes/Extended/Users/akira/nodejs/node1/node_modules/node-base64
179 silly finalize /Volumes/Extended/Users/akira/nodejs/node1/node_modules/jwt
180 silly doSerial build 2
181 silly build node-base64@0.0.1
182 info linkStuff node-base64@0.0.1
183 silly linkStuff node-base64@0.0.1 has /Volumes/Extended/Users/akira/nodejs/node1/node_modules as its parent node_modules
184 verbose linkBins node-base64@0.0.1
185 verbose linkMans node-base64@0.0.1
186 silly build jwt@0.2.0
187 info linkStuff jwt@0.2.0
188 silly linkStuff jwt@0.2.0 has /Volumes/Extended/Users/akira/nodejs/node1/node_modules as its parent node_modules
189 verbose linkBins jwt@0.2.0
190 verbose linkMans jwt@0.2.0
191 silly doSerial global-link 0
192 silly doParallel update-linked 0
193 silly doSerial install 2
194 silly install node-base64@0.0.1 /Volumes/Extended/Users/akira/nodejs/node1/node_modules/.staging/node-base64-ed68f436
195 info lifecycle node-base64@0.0.1~install: node-base64@0.0.1
196 verbose lifecycle node-base64@0.0.1~install: unsafe-perm in lifecycle false
197 verbose lifecycle node-base64@0.0.1~install: PATH: /usr/local/lib/node_modules/npm/bin/node-gyp-bin:/Volumes/Extended/Users/akira/nodejs/node1/node_modules/node-base64/node_modules/.bin:/Volumes/Extended/Users/akira/nodejs/node1/node_modules/.bin:/usr/local/Cellar/node@6/6.9.4/bin:/usr/local/bin:/usr/bin:/bin:/usr/sbin:/sbin:/opt/X11/bin
198 verbose lifecycle node-base64@0.0.1~install: CWD: /Volumes/Extended/Users/akira/nodejs/node1/node_modules/node-base64
199 silly lifecycle node-base64@0.0.1~install: Args: [ '-c', './install.sh' ]
200 info lifecycle node-base64@0.0.1~install: Failed to exec install script
201 verbose unlock done using /Volumes/Extended/Users/akira/.npm/_locks/staging-01dc58615d59e79f.lock for /Volumes/Extended/Users/akira/nodejs/node1/node_modules/.staging
202 silly rollbackFailedOptional Starting
203 silly rollbackFailedOptional Finishing
204 silly runTopLevelLifecycles Finishing
205 silly install printInstalled
206 verbose stack Error: node-base64@0.0.1 install: `./install.sh`
206 verbose stack spawn ENOENT
206 verbose stack     at ChildProcess.<anonymous> (/usr/local/lib/node_modules/npm/lib/utils/spawn.js:33:16)
206 verbose stack     at emitTwo (events.js:106:13)
206 verbose stack     at ChildProcess.emit (events.js:191:7)
206 verbose stack     at maybeClose (internal/child_process.js:877:16)
206 verbose stack     at Process.ChildProcess._handle.onexit (internal/child_process.js:226:5)
207 verbose pkgid node-base64@0.0.1
208 verbose cwd /Volumes/Extended/Users/akira/nodejs/node1
209 error Darwin 16.3.0
210 error argv "/usr/local/Cellar/node@6/6.9.4/bin/node" "/usr/local/bin/npm" "install" "--save" "jwt"
211 error node v6.9.4
212 error npm  v3.10.10
213 error file sh
214 error code ELIFECYCLE
215 error errno ENOENT
216 error syscall spawn
217 error node-base64@0.0.1 install: `./install.sh`
217 error spawn ENOENT
218 error Failed at the node-base64@0.0.1 install script './install.sh'.
218 error Make sure you have the latest version of node.js and npm installed.
218 error If you do, this is most likely a problem with the node-base64 package,
218 error not with npm itself.
218 error Tell the author that this fails on your system:
218 error     ./install.sh
218 error You can get information on how to open an issue for this project with:
218 error     npm bugs node-base64
218 error Or if that isn't available, you can get their info via:
218 error     npm owner ls node-base64
218 error There is likely additional logging output above.
219 verbose exit [ 1, true ]
