Arguments: 
  /usr/local/Cellar/node@6/6.9.4/bin/node /usr/local/bin/yarn add passport passport-jwt jwt

PATH: 
  /usr/local/bin:/usr/bin:/bin:/usr/sbin:/sbin:/opt/X11/bin

Yarn version: 
  0.17.8

Node version: 
  6.9.4

Platform: 
  darwin x64

npm manifest: 
  {
    "name": "node1",
    "version": "0.0.0",
    "private": true,
    "scripts": {
      "start": "node ./bin/www"
    },
    "dependencies": {
      "body-parser": "~1.15.1",
      "cookie-parser": "~1.4.3",
      "cors": "^2.8.1",
      "debug": "~2.2.0",
      "dotenv": "^4.0.0",
      "express": "~4.13.4",
      "jade": "~1.11.0",
      "mongoose": "^4.9.0",
      "morgan": "~1.7.0",
      "serve-favicon": "~2.3.0"
    }
  }

yarn manifest: 
  No manifest

Lockfile: 
  No lockfile

Trace: 
  Error: EACCES: permission denied, mkdir '/Volumes/Extended/Users/akira/nodejs/node1/node_modules/express/node_modules/vary'
      at Error (native)
